[2019-12-05 00:16:42.407] [exthost] [info] extension host started
[2019-12-05 00:16:42.441] [exthost] [info] ExtensionService#_doActivateExtension vscode.debug-auto-launch {"startup":true,"activationEvent":"*"}
[2019-12-05 00:16:42.441] [exthost] [info] ExtensionService#loadCommonJSModule /usr/share/code/resources/app/extensions/debug-auto-launch/dist/extension
[2019-12-05 00:16:42.554] [exthost] [info] ExtensionService#_doActivateExtension vscode.emmet {"startup":true,"activationEvent":"*"}
[2019-12-05 00:16:42.554] [exthost] [info] ExtensionService#loadCommonJSModule /usr/share/code/resources/app/extensions/emmet/dist/extension
[2019-12-05 00:16:42.759] [exthost] [info] ExtensionService#_doActivateExtension vscode.git {"startup":true,"activationEvent":"*"}
[2019-12-05 00:16:42.759] [exthost] [info] ExtensionService#loadCommonJSModule /usr/share/code/resources/app/extensions/git/dist/main
[2019-12-05 00:16:43.491] [exthost] [info] ExtensionService#_doActivateExtension vscode.merge-conflict {"startup":true,"activationEvent":"*"}
[2019-12-05 00:16:43.491] [exthost] [info] ExtensionService#loadCommonJSModule /usr/share/code/resources/app/extensions/merge-conflict/dist/extension
[2019-12-05 00:16:43.622] [exthost] [info] ExtensionService#_doActivateExtension vscode.npm {"startup":true,"activationEvent":"workspaceContains:package.json"}
[2019-12-05 00:16:43.622] [exthost] [info] ExtensionService#loadCommonJSModule /usr/share/code/resources/app/extensions/npm/dist/main
[2019-12-05 00:16:45.346] [exthost] [info] eager extensions activated
[2019-12-05 00:17:25.196] [exthost] [info] ExtensionService#_doActivateExtension vscode.configuration-editing {"startup":false,"activationEvent":"onLanguage:json"}
[2019-12-05 00:17:25.196] [exthost] [info] ExtensionService#loadCommonJSModule /usr/share/code/resources/app/extensions/configuration-editing/dist/extension
[2019-12-05 00:17:25.227] [exthost] [info] ExtensionService#_doActivateExtension vscode.extension-editing {"startup":false,"activationEvent":"onLanguage:json"}
[2019-12-05 00:17:25.227] [exthost] [info] ExtensionService#loadCommonJSModule /usr/share/code/resources/app/extensions/extension-editing/dist/extension
[2019-12-05 00:17:25.384] [exthost] [info] ExtensionService#_doActivateExtension vscode.json-language-features {"startup":false,"activationEvent":"onLanguage:json"}
[2019-12-05 00:17:25.384] [exthost] [info] ExtensionService#loadCommonJSModule /usr/share/code/resources/app/extensions/json-language-features/client/dist/jsonMain
[2019-12-05 00:17:27.270] [exthost] [info] ExtensionService#_doActivateExtension vscode.typescript-language-features {"startup":false,"activationEvent":"onLanguage:jsonc"}
[2019-12-05 00:17:27.270] [exthost] [info] ExtensionService#loadCommonJSModule /usr/share/code/resources/app/extensions/typescript-language-features/dist/extension
[2019-12-05 00:17:37.051] [exthost] [info] ExtensionService#_doActivateExtension vscode.grunt {"startup":false,"activationEvent":"onCommand:workbench.action.tasks.runTask"}
[2019-12-05 00:17:37.051] [exthost] [info] ExtensionService#loadCommonJSModule /usr/share/code/resources/app/extensions/grunt/dist/main
[2019-12-05 00:17:37.190] [exthost] [info] ExtensionService#_doActivateExtension vscode.gulp {"startup":false,"activationEvent":"onCommand:workbench.action.tasks.runTask"}
[2019-12-05 00:17:37.190] [exthost] [info] ExtensionService#loadCommonJSModule /usr/share/code/resources/app/extensions/gulp/dist/main
[2019-12-05 00:17:37.289] [exthost] [info] ExtensionService#_doActivateExtension vscode.jake {"startup":false,"activationEvent":"onCommand:workbench.action.tasks.runTask"}
[2019-12-05 00:17:37.289] [exthost] [info] ExtensionService#loadCommonJSModule /usr/share/code/resources/app/extensions/jake/dist/main
[2019-12-05 00:17:42.166] [exthost] [info] ExtensionService#_doActivateExtension vscjava.vscode-maven {"startup":false,"activationEvent":"onView:mavenProjects"}
[2019-12-05 00:17:42.166] [exthost] [info] ExtensionService#loadCommonJSModule /home/santanu/.vscode/extensions/vscjava.vscode-maven-0.20.0/dist/extension
[2019-12-05 00:18:03.163] [exthost] [info] ExtensionService#_doActivateExtension vscode.debug-server-ready {"startup":false,"activationEvent":"onDebugResolve"}
[2019-12-05 00:18:03.163] [exthost] [info] ExtensionService#loadCommonJSModule /usr/share/code/resources/app/extensions/debug-server-ready/dist/extension
[2019-12-05 00:18:03.354] [exthost] [info] ExtensionService#_doActivateExtension ms-vscode.node-debug2 {"startup":false,"activationEvent":"onDebugResolve:node"}
[2019-12-05 00:18:03.355] [exthost] [info] ExtensionService#loadCommonJSModule /usr/share/code/resources/app/extensions/ms-vscode.node-debug2/out/src/extension
[2019-12-05 00:18:03.439] [exthost] [info] ExtensionService#_doActivateExtension ms-vscode.node-debug {"startup":false,"activationEvent":"onDebugResolve:node"}
[2019-12-05 00:18:03.439] [exthost] [info] ExtensionService#loadCommonJSModule /usr/share/code/resources/app/extensions/ms-vscode.node-debug/dist/extension.js
